19 04 2022 - 12:28:03.699 [restartedMain] INFO  c.r.project2.Project2Application - Starting Project2Application using Java 1.8.0_321 on jinu with PID 18484 (D:\project2\build\classes\java\main started by pjeno in D:\project2)
19 04 2022 - 12:28:03.707 [restartedMain] INFO  c.r.project2.Project2Application - The following 1 profile is active: "prod"
19 04 2022 - 12:28:03.824 [restartedMain] INFO  o.s.b.d.e.DevToolsPropertyDefaultsPostProcessor - Devtools property defaults active! Set 'spring.devtools.add-properties' to 'false' to disable
19 04 2022 - 12:28:03.824 [restartedMain] INFO  o.s.b.d.e.DevToolsPropertyDefaultsPostProcessor - For additional web related logging consider setting the 'logging.level.web' property to 'DEBUG'
19 04 2022 - 12:28:05.065 [restartedMain] INFO  o.s.d.r.c.RepositoryConfigurationDelegate - Bootstrapping Spring Data JPA repositories in DEFAULT mode.
19 04 2022 - 12:28:05.191 [restartedMain] INFO  o.s.d.r.c.RepositoryConfigurationDelegate - Finished Spring Data repository scanning in 105 ms. Found 4 JPA repository interfaces.
19 04 2022 - 12:28:06.995 [restartedMain] INFO  o.s.b.w.e.tomcat.TomcatWebServer - Tomcat initialized with port(s): 9002 (http)
19 04 2022 - 12:28:07.119 [restartedMain] INFO  o.a.coyote.http11.Http11NioProtocol - Initializing ProtocolHandler ["http-nio-9002"]
19 04 2022 - 12:28:07.119 [restartedMain] INFO  o.a.catalina.core.StandardService - Starting service [Tomcat]
19 04 2022 - 12:28:07.124 [restartedMain] INFO  o.a.catalina.core.StandardEngine - Starting Servlet engine: [Apache Tomcat/9.0.60]
19 04 2022 - 12:28:07.340 [restartedMain] INFO  o.a.c.c.C.[Tomcat].[localhost].[/] - Initializing Spring embedded WebApplicationContext
19 04 2022 - 12:28:07.341 [restartedMain] INFO  o.s.b.w.s.c.ServletWebServerApplicationContext - Root WebApplicationContext: initialization completed in 3517 ms
19 04 2022 - 12:28:07.465 [restartedMain] INFO  com.zaxxer.hikari.HikariDataSource - HikariPool-1 - Starting...
19 04 2022 - 12:28:09.153 [restartedMain] INFO  com.zaxxer.hikari.HikariDataSource - HikariPool-1 - Start completed.
19 04 2022 - 12:28:09.192 [restartedMain] INFO  o.s.b.a.h.H2ConsoleAutoConfiguration - H2 console available at '/h2-console'. Database available at 'jdbc:postgresql://34.135.17.185:5432/postgres'
19 04 2022 - 12:28:09.605 [restartedMain] INFO  o.h.jpa.internal.util.LogHelper - HHH000204: Processing PersistenceUnitInfo [name: default]
19 04 2022 - 12:28:09.721 [restartedMain] INFO  org.hibernate.Version - HHH000412: Hibernate ORM core version 5.6.7.Final
19 04 2022 - 12:28:10.065 [restartedMain] INFO  o.h.annotations.common.Version - HCANN000001: Hibernate Commons Annotations {5.1.2.Final}
19 04 2022 - 12:28:10.332 [restartedMain] INFO  org.hibernate.dialect.Dialect - HHH000400: Using dialect: org.hibernate.dialect.PostgreSQLDialect
19 04 2022 - 12:28:12.583 [restartedMain] INFO  o.h.e.t.j.p.i.JtaPlatformInitiator - HHH000490: Using JtaPlatform implementation: [org.hibernate.engine.transaction.jta.platform.internal.NoJtaPlatform]
19 04 2022 - 12:28:12.620 [restartedMain] INFO  o.s.o.j.LocalContainerEntityManagerFactoryBean - Initialized JPA EntityManagerFactory for persistence unit 'default'
19 04 2022 - 12:28:14.146 [restartedMain] WARN  o.s.b.a.o.j.JpaBaseConfiguration$JpaWebConfiguration - spring.jpa.open-in-view is enabled by default. Therefore, database queries may be performed during view rendering. Explicitly configure spring.jpa.open-in-view to disable this warning
19 04 2022 - 12:28:14.796 [restartedMain] INFO  o.s.b.d.a.OptionalLiveReloadServer - LiveReload server is running on port 35729
19 04 2022 - 12:28:14.819 [restartedMain] INFO  o.a.coyote.http11.Http11NioProtocol - Starting ProtocolHandler ["http-nio-9002"]
19 04 2022 - 12:28:14.851 [restartedMain] INFO  o.s.b.w.e.tomcat.TomcatWebServer - Tomcat started on port(s): 9002 (http) with context path ''
19 04 2022 - 12:28:14.860 [restartedMain] INFO  c.r.project2.Project2Application - Started Project2Application in 12.096 seconds (JVM running for 13.459)
19 04 2022 - 12:28:15.709 [restartedMain] INFO  c.r.project2.aspect.LoggingAspect - User is making a request...
19 04 2022 - 12:28:15.712 [restartedMain] INFO  c.r.project2.aspect.LoggingAspect - Method: populateInitialData
19 04 2022 - 12:28:15.712 [restartedMain] INFO  c.r.project2.aspect.LoggingAspect - Path: com.revature.project2.Utility.DataPopulateUtility
19 04 2022 - 12:28:15.712 [restartedMain] INFO  c.r.project2.aspect.LoggingAspect - Target: DataPopulateUtility
19 04 2022 - 12:28:15.712 [restartedMain] INFO  c.r.project2.aspect.LoggingAspect - User request is now completed.
19 04 2022 - 12:28:15.775 [restartedMain] INFO  c.r.project2.aspect.LoggingAspect - User is making a request...
19 04 2022 - 12:28:15.775 [restartedMain] INFO  c.r.project2.aspect.LoggingAspect - Method: run
19 04 2022 - 12:28:15.775 [restartedMain] INFO  c.r.project2.aspect.LoggingAspect - Path: org.springframework.boot.CommandLineRunner
19 04 2022 - 12:28:15.775 [restartedMain] INFO  c.r.project2.aspect.LoggingAspect - Target: Project2Application$$Lambda$899/1264760359
19 04 2022 - 12:28:15.775 [restartedMain] INFO  c.r.project2.aspect.LoggingAspect - User request is now completed.
19 04 2022 - 13:19:50.631 [HikariPool-1 housekeeper] WARN  com.zaxxer.hikari.pool.HikariPool - HikariPool-1 - Thread starvation or clock leap detected (housekeeper delta=43m41s236ms153탎899ns).
19 04 2022 - 14:28:22.777 [HikariPool-1 housekeeper] WARN  com.zaxxer.hikari.pool.HikariPool - HikariPool-1 - Thread starvation or clock leap detected (housekeeper delta=1h3m32s74ms294탎799ns).
19 04 2022 - 20:53:47.453 [HikariPool-1 housekeeper] WARN  com.zaxxer.hikari.pool.HikariPool - HikariPool-1 - Thread starvation or clock leap detected (housekeeper delta=6h24s262ms517탎901ns).
20 04 2022 - 06:43:40.157 [HikariPool-1 housekeeper] WARN  com.zaxxer.hikari.pool.HikariPool - HikariPool-1 - Thread starvation or clock leap detected (housekeeper delta=9h49m56s585ms127탎300ns).
